Warning[205] C:\USERS\SAMIR\DOCUMENTS\MPLAB\MICROPROCESADORES\PR·CTICA 3\PRACTICA 3.ASM 1 : Found directive in column 1. (LIST)
Warning[215] C:\USERS\SAMIR\DOCUMENTS\MPLAB\MICROPROCESADORES\PR·CTICA 3\PRACTICA 3.ASM 1 : Processor superseded by command line.  Verify processor symbol.
Warning[205] C:\USERS\SAMIR\DOCUMENTS\MPLAB\MICROPROCESADORES\PR·CTICA 3\PRACTICA 3.ASM 3 : Found directive in column 1. (__CONFIG)
Warning[203] C:\USERS\SAMIR\DOCUMENTS\MPLAB\MICROPROCESADORES\PR·CTICA 3\PRACTICA 3.ASM 15 : Found opcode in column 1. (BSF)
Warning[203] C:\USERS\SAMIR\DOCUMENTS\MPLAB\MICROPROCESADORES\PR·CTICA 3\PRACTICA 3.ASM 16 : Found opcode in column 1. (MOVLW)
Warning[203] C:\USERS\SAMIR\DOCUMENTS\MPLAB\MICROPROCESADORES\PR·CTICA 3\PRACTICA 3.ASM 17 : Found opcode in column 1. (MOVWF)
Message[302] C:\USERS\SAMIR\DOCUMENTS\MPLAB\MICROPROCESADORES\PR·CTICA 3\PRACTICA 3.ASM 17 : Register in operand not in bank 0.  Ensure that bank bits are correct.
Warning[203] C:\USERS\SAMIR\DOCUMENTS\MPLAB\MICROPROCESADORES\PR·CTICA 3\PRACTICA 3.ASM 18 : Found opcode in column 1. (MOVLW)
Warning[203] C:\USERS\SAMIR\DOCUMENTS\MPLAB\MICROPROCESADORES\PR·CTICA 3\PRACTICA 3.ASM 19 : Found opcode in column 1. (MOVWF)
Message[302] C:\USERS\SAMIR\DOCUMENTS\MPLAB\MICROPROCESADORES\PR·CTICA 3\PRACTICA 3.ASM 19 : Register in operand not in bank 0.  Ensure that bank bits are correct.
Warning[203] C:\USERS\SAMIR\DOCUMENTS\MPLAB\MICROPROCESADORES\PR·CTICA 3\PRACTICA 3.ASM 20 : Found opcode in column 1. (BCF)
Warning[203] C:\USERS\SAMIR\DOCUMENTS\MPLAB\MICROPROCESADORES\PR·CTICA 3\PRACTICA 3.ASM 23 : Found opcode in column 1. (BTFSS)
Warning[203] C:\USERS\SAMIR\DOCUMENTS\MPLAB\MICROPROCESADORES\PR·CTICA 3\PRACTICA 3.ASM 24 : Found opcode in column 1. (GOTO)
Warning[203] C:\USERS\SAMIR\DOCUMENTS\MPLAB\MICROPROCESADORES\PR·CTICA 3\PRACTICA 3.ASM 25 : Found opcode in column 1. (GOTO)
Warning[203] C:\USERS\SAMIR\DOCUMENTS\MPLAB\MICROPROCESADORES\PR·CTICA 3\PRACTICA 3.ASM 28 : Found opcode in column 1. (MOVLW)
Warning[203] C:\USERS\SAMIR\DOCUMENTS\MPLAB\MICROPROCESADORES\PR·CTICA 3\PRACTICA 3.ASM 29 : Found opcode in column 1. (MOVWF)
Warning[203] C:\USERS\SAMIR\DOCUMENTS\MPLAB\MICROPROCESADORES\PR·CTICA 3\PRACTICA 3.ASM 30 : Found opcode in column 1. (GOTO)
Warning[203] C:\USERS\SAMIR\DOCUMENTS\MPLAB\MICROPROCESADORES\PR·CTICA 3\PRACTICA 3.ASM 33 : Found opcode in column 1. (MOVF)
Warning[203] C:\USERS\SAMIR\DOCUMENTS\MPLAB\MICROPROCESADORES\PR·CTICA 3\PRACTICA 3.ASM 34 : Found opcode in column 1. (ANDLW)
Warning[203] C:\USERS\SAMIR\DOCUMENTS\MPLAB\MICROPROCESADORES\PR·CTICA 3\PRACTICA 3.ASM 35 : Found opcode in column 1. (CALL)
Warning[203] C:\USERS\SAMIR\DOCUMENTS\MPLAB\MICROPROCESADORES\PR·CTICA 3\PRACTICA 3.ASM 36 : Found opcode in column 1. (MOVWF)
Warning[203] C:\USERS\SAMIR\DOCUMENTS\MPLAB\MICROPROCESADORES\PR·CTICA 3\PRACTICA 3.ASM 37 : Found opcode in column 1. (GOTO)
Warning[203] C:\USERS\SAMIR\DOCUMENTS\MPLAB\MICROPROCESADORES\PR·CTICA 3\PRACTICA 3.ASM 40 : Found opcode in column 1. (ADDWF)
Message[305] C:\USERS\SAMIR\DOCUMENTS\MPLAB\MICROPROCESADORES\PR·CTICA 3\PRACTICA 3.ASM 40 : Using default destination of 1 (file).
Warning[203] C:\USERS\SAMIR\DOCUMENTS\MPLAB\MICROPROCESADORES\PR·CTICA 3\PRACTICA 3.ASM 41 : Found opcode in column 1. (RETLW)
Warning[203] C:\USERS\SAMIR\DOCUMENTS\MPLAB\MICROPROCESADORES\PR·CTICA 3\PRACTICA 3.ASM 42 : Found opcode in column 1. (RETLW)
Warning[203] C:\USERS\SAMIR\DOCUMENTS\MPLAB\MICROPROCESADORES\PR·CTICA 3\PRACTICA 3.ASM 43 : Found opcode in column 1. (RETLW)
Warning[203] C:\USERS\SAMIR\DOCUMENTS\MPLAB\MICROPROCESADORES\PR·CTICA 3\PRACTICA 3.ASM 44 : Found opcode in column 1. (RETLW)
Warning[203] C:\USERS\SAMIR\DOCUMENTS\MPLAB\MICROPROCESADORES\PR·CTICA 3\PRACTICA 3.ASM 45 : Found opcode in column 1. (RETLW)
Warning[203] C:\USERS\SAMIR\DOCUMENTS\MPLAB\MICROPROCESADORES\PR·CTICA 3\PRACTICA 3.ASM 46 : Found opcode in column 1. (RETLW)
Warning[203] C:\USERS\SAMIR\DOCUMENTS\MPLAB\MICROPROCESADORES\PR·CTICA 3\PRACTICA 3.ASM 47 : Found opcode in column 1. (RETLW)
Warning[203] C:\USERS\SAMIR\DOCUMENTS\MPLAB\MICROPROCESADORES\PR·CTICA 3\PRACTICA 3.ASM 48 : Found opcode in column 1. (RETLW)
Warning[203] C:\USERS\SAMIR\DOCUMENTS\MPLAB\MICROPROCESADORES\PR·CTICA 3\PRACTICA 3.ASM 50 : Found opcode in column 1. (RETURN)
Warning[205] C:\USERS\SAMIR\DOCUMENTS\MPLAB\MICROPROCESADORES\PR·CTICA 3\PRACTICA 3.ASM 52 : Found directive in column 1. (END)
