Warning[205] C:\USERS\SAMIR\DOCUMENTS\MPLAB\MICROPROCESADORES\PR·CTICA 8\PRACTICA 8.ASM 1 : Found directive in column 1. (LIST)
Warning[215] C:\USERS\SAMIR\DOCUMENTS\MPLAB\MICROPROCESADORES\PR·CTICA 8\PRACTICA 8.ASM 1 : Processor superseded by command line.  Verify processor symbol.
Warning[205] C:\USERS\SAMIR\DOCUMENTS\MPLAB\MICROPROCESADORES\PR·CTICA 8\PRACTICA 8.ASM 3 : Found directive in column 1. (__CONFIG)
Warning[203] C:\USERS\SAMIR\DOCUMENTS\MPLAB\MICROPROCESADORES\PR·CTICA 8\PRACTICA 8.ASM 22 : Found opcode in column 1. (BSF)
Warning[203] C:\USERS\SAMIR\DOCUMENTS\MPLAB\MICROPROCESADORES\PR·CTICA 8\PRACTICA 8.ASM 23 : Found opcode in column 1. (MOVLW)
Warning[203] C:\USERS\SAMIR\DOCUMENTS\MPLAB\MICROPROCESADORES\PR·CTICA 8\PRACTICA 8.ASM 24 : Found opcode in column 1. (MOVWF)
Message[302] C:\USERS\SAMIR\DOCUMENTS\MPLAB\MICROPROCESADORES\PR·CTICA 8\PRACTICA 8.ASM 24 : Register in operand not in bank 0.  Ensure that bank bits are correct.
Warning[203] C:\USERS\SAMIR\DOCUMENTS\MPLAB\MICROPROCESADORES\PR·CTICA 8\PRACTICA 8.ASM 25 : Found opcode in column 1. (MOVLW)
Warning[203] C:\USERS\SAMIR\DOCUMENTS\MPLAB\MICROPROCESADORES\PR·CTICA 8\PRACTICA 8.ASM 26 : Found opcode in column 1. (MOVWF)
Message[302] C:\USERS\SAMIR\DOCUMENTS\MPLAB\MICROPROCESADORES\PR·CTICA 8\PRACTICA 8.ASM 26 : Register in operand not in bank 0.  Ensure that bank bits are correct.
Warning[203] C:\USERS\SAMIR\DOCUMENTS\MPLAB\MICROPROCESADORES\PR·CTICA 8\PRACTICA 8.ASM 27 : Found opcode in column 1. (MOVLW)
Warning[203] C:\USERS\SAMIR\DOCUMENTS\MPLAB\MICROPROCESADORES\PR·CTICA 8\PRACTICA 8.ASM 28 : Found opcode in column 1. (MOVWF)
Message[302] C:\USERS\SAMIR\DOCUMENTS\MPLAB\MICROPROCESADORES\PR·CTICA 8\PRACTICA 8.ASM 28 : Register in operand not in bank 0.  Ensure that bank bits are correct.
Warning[203] C:\USERS\SAMIR\DOCUMENTS\MPLAB\MICROPROCESADORES\PR·CTICA 8\PRACTICA 8.ASM 29 : Found opcode in column 1. (BCF)
Warning[203] C:\USERS\SAMIR\DOCUMENTS\MPLAB\MICROPROCESADORES\PR·CTICA 8\PRACTICA 8.ASM 30 : Found opcode in column 1. (BCF)
Warning[203] C:\USERS\SAMIR\DOCUMENTS\MPLAB\MICROPROCESADORES\PR·CTICA 8\PRACTICA 8.ASM 33 : Found opcode in column 1. (BTFSS)
Warning[203] C:\USERS\SAMIR\DOCUMENTS\MPLAB\MICROPROCESADORES\PR·CTICA 8\PRACTICA 8.ASM 34 : Found opcode in column 1. (GOTO)
Warning[203] C:\USERS\SAMIR\DOCUMENTS\MPLAB\MICROPROCESADORES\PR·CTICA 8\PRACTICA 8.ASM 35 : Found opcode in column 1. (MOVLW)
Warning[203] C:\USERS\SAMIR\DOCUMENTS\MPLAB\MICROPROCESADORES\PR·CTICA 8\PRACTICA 8.ASM 36 : Found opcode in column 1. (MOVWF)
Warning[203] C:\USERS\SAMIR\DOCUMENTS\MPLAB\MICROPROCESADORES\PR·CTICA 8\PRACTICA 8.ASM 37 : Found opcode in column 1. (BCF)
Warning[203] C:\USERS\SAMIR\DOCUMENTS\MPLAB\MICROPROCESADORES\PR·CTICA 8\PRACTICA 8.ASM 38 : Found opcode in column 1. (GOTO)
Warning[203] C:\USERS\SAMIR\DOCUMENTS\MPLAB\MICROPROCESADORES\PR·CTICA 8\PRACTICA 8.ASM 41 : Found opcode in column 1. (BTFSS)
Warning[203] C:\USERS\SAMIR\DOCUMENTS\MPLAB\MICROPROCESADORES\PR·CTICA 8\PRACTICA 8.ASM 42 : Found opcode in column 1. (GOTO)
Warning[203] C:\USERS\SAMIR\DOCUMENTS\MPLAB\MICROPROCESADORES\PR·CTICA 8\PRACTICA 8.ASM 43 : Found opcode in column 1. (BSF)
Warning[203] C:\USERS\SAMIR\DOCUMENTS\MPLAB\MICROPROCESADORES\PR·CTICA 8\PRACTICA 8.ASM 44 : Found opcode in column 1. (CALL)
Warning[203] C:\USERS\SAMIR\DOCUMENTS\MPLAB\MICROPROCESADORES\PR·CTICA 8\PRACTICA 8.ASM 45 : Found opcode in column 1. (BCF)
Warning[203] C:\USERS\SAMIR\DOCUMENTS\MPLAB\MICROPROCESADORES\PR·CTICA 8\PRACTICA 8.ASM 46 : Found opcode in column 1. (GOTO)
Warning[203] C:\USERS\SAMIR\DOCUMENTS\MPLAB\MICROPROCESADORES\PR·CTICA 8\PRACTICA 8.ASM 65 : Found opcode in column 1. (MOVLW)
Warning[202] C:\USERS\SAMIR\DOCUMENTS\MPLAB\MICROPROCESADORES\PR·CTICA 8\PRACTICA 8.ASM 65 : Argument out of range.  Least significant bits used.
Warning[203] C:\USERS\SAMIR\DOCUMENTS\MPLAB\MICROPROCESADORES\PR·CTICA 8\PRACTICA 8.ASM 66 : Found opcode in column 1. (MOVWF)
Warning[203] C:\USERS\SAMIR\DOCUMENTS\MPLAB\MICROPROCESADORES\PR·CTICA 8\PRACTICA 8.ASM 68 : Found opcode in column 1. (MOVLW)
Warning[202] C:\USERS\SAMIR\DOCUMENTS\MPLAB\MICROPROCESADORES\PR·CTICA 8\PRACTICA 8.ASM 68 : Argument out of range.  Least significant bits used.
Warning[203] C:\USERS\SAMIR\DOCUMENTS\MPLAB\MICROPROCESADORES\PR·CTICA 8\PRACTICA 8.ASM 69 : Found opcode in column 1. (MOVWF)
Warning[203] C:\USERS\SAMIR\DOCUMENTS\MPLAB\MICROPROCESADORES\PR·CTICA 8\PRACTICA 8.ASM 71 : Found opcode in column 1. (MOVLW)
Warning[203] C:\USERS\SAMIR\DOCUMENTS\MPLAB\MICROPROCESADORES\PR·CTICA 8\PRACTICA 8.ASM 72 : Found opcode in column 1. (MOVWF)
Warning[203] C:\USERS\SAMIR\DOCUMENTS\MPLAB\MICROPROCESADORES\PR·CTICA 8\PRACTICA 8.ASM 74 : Found opcode in column 1. (DECFSZ)
Message[305] C:\USERS\SAMIR\DOCUMENTS\MPLAB\MICROPROCESADORES\PR·CTICA 8\PRACTICA 8.ASM 74 : Using default destination of 1 (file).
Warning[203] C:\USERS\SAMIR\DOCUMENTS\MPLAB\MICROPROCESADORES\PR·CTICA 8\PRACTICA 8.ASM 75 : Found opcode in column 1. (GOTO)
Warning[203] C:\USERS\SAMIR\DOCUMENTS\MPLAB\MICROPROCESADORES\PR·CTICA 8\PRACTICA 8.ASM 76 : Found opcode in column 1. (DECFSZ)
Message[305] C:\USERS\SAMIR\DOCUMENTS\MPLAB\MICROPROCESADORES\PR·CTICA 8\PRACTICA 8.ASM 76 : Using default destination of 1 (file).
Warning[203] C:\USERS\SAMIR\DOCUMENTS\MPLAB\MICROPROCESADORES\PR·CTICA 8\PRACTICA 8.ASM 77 : Found opcode in column 1. (GOTO)
Warning[203] C:\USERS\SAMIR\DOCUMENTS\MPLAB\MICROPROCESADORES\PR·CTICA 8\PRACTICA 8.ASM 78 : Found opcode in column 1. (DECFSZ)
Message[305] C:\USERS\SAMIR\DOCUMENTS\MPLAB\MICROPROCESADORES\PR·CTICA 8\PRACTICA 8.ASM 78 : Using default destination of 1 (file).
Warning[203] C:\USERS\SAMIR\DOCUMENTS\MPLAB\MICROPROCESADORES\PR·CTICA 8\PRACTICA 8.ASM 79 : Found opcode in column 1. (GOTO)
Warning[203] C:\USERS\SAMIR\DOCUMENTS\MPLAB\MICROPROCESADORES\PR·CTICA 8\PRACTICA 8.ASM 81 : Found opcode in column 1. (RETURN)
Warning[205] C:\USERS\SAMIR\DOCUMENTS\MPLAB\MICROPROCESADORES\PR·CTICA 8\PRACTICA 8.ASM 83 : Found directive in column 1. (END)
