Warning[205] C:\USERS\SAMIR\DOCUMENTS\MPLAB\MICROPROCESADORES\PR·CTICA 6\PRACTICA 6.ASM 1 : Found directive in column 1. (LIST)
Warning[205] C:\USERS\SAMIR\DOCUMENTS\MPLAB\MICROPROCESADORES\PR·CTICA 6\PRACTICA 6.ASM 3 : Found directive in column 1. (__CONFIG)
Warning[203] C:\USERS\SAMIR\DOCUMENTS\MPLAB\MICROPROCESADORES\PR·CTICA 6\PRACTICA 6.ASM 18 : Found opcode in column 1. (BSF)
Warning[203] C:\USERS\SAMIR\DOCUMENTS\MPLAB\MICROPROCESADORES\PR·CTICA 6\PRACTICA 6.ASM 19 : Found opcode in column 1. (MOVLW)
Warning[203] C:\USERS\SAMIR\DOCUMENTS\MPLAB\MICROPROCESADORES\PR·CTICA 6\PRACTICA 6.ASM 20 : Found opcode in column 1. (MOVWF)
Message[302] C:\USERS\SAMIR\DOCUMENTS\MPLAB\MICROPROCESADORES\PR·CTICA 6\PRACTICA 6.ASM 20 : Register in operand not in bank 0.  Ensure that bank bits are correct.
Warning[203] C:\USERS\SAMIR\DOCUMENTS\MPLAB\MICROPROCESADORES\PR·CTICA 6\PRACTICA 6.ASM 21 : Found opcode in column 1. (MOVLW)
Warning[203] C:\USERS\SAMIR\DOCUMENTS\MPLAB\MICROPROCESADORES\PR·CTICA 6\PRACTICA 6.ASM 22 : Found opcode in column 1. (MOVWF)
Message[302] C:\USERS\SAMIR\DOCUMENTS\MPLAB\MICROPROCESADORES\PR·CTICA 6\PRACTICA 6.ASM 22 : Register in operand not in bank 0.  Ensure that bank bits are correct.
Warning[203] C:\USERS\SAMIR\DOCUMENTS\MPLAB\MICROPROCESADORES\PR·CTICA 6\PRACTICA 6.ASM 23 : Found opcode in column 1. (BCF)
Warning[203] C:\USERS\SAMIR\DOCUMENTS\MPLAB\MICROPROCESADORES\PR·CTICA 6\PRACTICA 6.ASM 24 : Found opcode in column 1. (CLRF)
Warning[203] C:\USERS\SAMIR\DOCUMENTS\MPLAB\MICROPROCESADORES\PR·CTICA 6\PRACTICA 6.ASM 27 : Found opcode in column 1. (BTFSS)
Warning[203] C:\USERS\SAMIR\DOCUMENTS\MPLAB\MICROPROCESADORES\PR·CTICA 6\PRACTICA 6.ASM 28 : Found opcode in column 1. (GOTO)
Warning[203] C:\USERS\SAMIR\DOCUMENTS\MPLAB\MICROPROCESADORES\PR·CTICA 6\PRACTICA 6.ASM 29 : Found opcode in column 1. (GOTO)
Warning[203] C:\USERS\SAMIR\DOCUMENTS\MPLAB\MICROPROCESADORES\PR·CTICA 6\PRACTICA 6.ASM 32 : Found opcode in column 1. (CALL)
Warning[203] C:\USERS\SAMIR\DOCUMENTS\MPLAB\MICROPROCESADORES\PR·CTICA 6\PRACTICA 6.ASM 33 : Found opcode in column 1. (MOVLW)
Warning[203] C:\USERS\SAMIR\DOCUMENTS\MPLAB\MICROPROCESADORES\PR·CTICA 6\PRACTICA 6.ASM 34 : Found opcode in column 1. (MOVWF)
Warning[203] C:\USERS\SAMIR\DOCUMENTS\MPLAB\MICROPROCESADORES\PR·CTICA 6\PRACTICA 6.ASM 35 : Found opcode in column 1. (GOTO)
Warning[203] C:\USERS\SAMIR\DOCUMENTS\MPLAB\MICROPROCESADORES\PR·CTICA 6\PRACTICA 6.ASM 38 : Found opcode in column 1. (CALL)
Warning[203] C:\USERS\SAMIR\DOCUMENTS\MPLAB\MICROPROCESADORES\PR·CTICA 6\PRACTICA 6.ASM 39 : Found opcode in column 1. (RLF)
Message[305] C:\USERS\SAMIR\DOCUMENTS\MPLAB\MICROPROCESADORES\PR·CTICA 6\PRACTICA 6.ASM 39 : Using default destination of 1 (file).
Warning[203] C:\USERS\SAMIR\DOCUMENTS\MPLAB\MICROPROCESADORES\PR·CTICA 6\PRACTICA 6.ASM 40 : Found opcode in column 1. (BTFSC)
Warning[203] C:\USERS\SAMIR\DOCUMENTS\MPLAB\MICROPROCESADORES\PR·CTICA 6\PRACTICA 6.ASM 41 : Found opcode in column 1. (GOTO)
Warning[203] C:\USERS\SAMIR\DOCUMENTS\MPLAB\MICROPROCESADORES\PR·CTICA 6\PRACTICA 6.ASM 42 : Found opcode in column 1. (BTFSS)
Warning[203] C:\USERS\SAMIR\DOCUMENTS\MPLAB\MICROPROCESADORES\PR·CTICA 6\PRACTICA 6.ASM 43 : Found opcode in column 1. (GOTO)
Warning[203] C:\USERS\SAMIR\DOCUMENTS\MPLAB\MICROPROCESADORES\PR·CTICA 6\PRACTICA 6.ASM 44 : Found opcode in column 1. (BTFSS)
Warning[203] C:\USERS\SAMIR\DOCUMENTS\MPLAB\MICROPROCESADORES\PR·CTICA 6\PRACTICA 6.ASM 45 : Found opcode in column 1. (GOTO)
Warning[203] C:\USERS\SAMIR\DOCUMENTS\MPLAB\MICROPROCESADORES\PR·CTICA 6\PRACTICA 6.ASM 46 : Found opcode in column 1. (GOTO)
Warning[203] C:\USERS\SAMIR\DOCUMENTS\MPLAB\MICROPROCESADORES\PR·CTICA 6\PRACTICA 6.ASM 49 : Found opcode in column 1. (CALL)
Warning[203] C:\USERS\SAMIR\DOCUMENTS\MPLAB\MICROPROCESADORES\PR·CTICA 6\PRACTICA 6.ASM 50 : Found opcode in column 1. (MOVLW)
Warning[203] C:\USERS\SAMIR\DOCUMENTS\MPLAB\MICROPROCESADORES\PR·CTICA 6\PRACTICA 6.ASM 51 : Found opcode in column 1. (MOVWF)
Warning[203] C:\USERS\SAMIR\DOCUMENTS\MPLAB\MICROPROCESADORES\PR·CTICA 6\PRACTICA 6.ASM 52 : Found opcode in column 1. (GOTO)
Warning[203] C:\USERS\SAMIR\DOCUMENTS\MPLAB\MICROPROCESADORES\PR·CTICA 6\PRACTICA 6.ASM 55 : Found opcode in column 1. (MOVLW)
Warning[202] C:\USERS\SAMIR\DOCUMENTS\MPLAB\MICROPROCESADORES\PR·CTICA 6\PRACTICA 6.ASM 55 : Argument out of range.  Least significant bits used.
Warning[203] C:\USERS\SAMIR\DOCUMENTS\MPLAB\MICROPROCESADORES\PR·CTICA 6\PRACTICA 6.ASM 56 : Found opcode in column 1. (MOVWF)
Warning[203] C:\USERS\SAMIR\DOCUMENTS\MPLAB\MICROPROCESADORES\PR·CTICA 6\PRACTICA 6.ASM 58 : Found opcode in column 1. (MOVLW)
Warning[202] C:\USERS\SAMIR\DOCUMENTS\MPLAB\MICROPROCESADORES\PR·CTICA 6\PRACTICA 6.ASM 58 : Argument out of range.  Least significant bits used.
Warning[203] C:\USERS\SAMIR\DOCUMENTS\MPLAB\MICROPROCESADORES\PR·CTICA 6\PRACTICA 6.ASM 59 : Found opcode in column 1. (MOVWF)
Warning[203] C:\USERS\SAMIR\DOCUMENTS\MPLAB\MICROPROCESADORES\PR·CTICA 6\PRACTICA 6.ASM 61 : Found opcode in column 1. (MOVLW)
Warning[203] C:\USERS\SAMIR\DOCUMENTS\MPLAB\MICROPROCESADORES\PR·CTICA 6\PRACTICA 6.ASM 62 : Found opcode in column 1. (MOVWF)
Warning[203] C:\USERS\SAMIR\DOCUMENTS\MPLAB\MICROPROCESADORES\PR·CTICA 6\PRACTICA 6.ASM 64 : Found opcode in column 1. (DECFSZ)
Message[305] C:\USERS\SAMIR\DOCUMENTS\MPLAB\MICROPROCESADORES\PR·CTICA 6\PRACTICA 6.ASM 64 : Using default destination of 1 (file).
Warning[203] C:\USERS\SAMIR\DOCUMENTS\MPLAB\MICROPROCESADORES\PR·CTICA 6\PRACTICA 6.ASM 65 : Found opcode in column 1. (GOTO)
Warning[203] C:\USERS\SAMIR\DOCUMENTS\MPLAB\MICROPROCESADORES\PR·CTICA 6\PRACTICA 6.ASM 66 : Found opcode in column 1. (DECFSZ)
Message[305] C:\USERS\SAMIR\DOCUMENTS\MPLAB\MICROPROCESADORES\PR·CTICA 6\PRACTICA 6.ASM 66 : Using default destination of 1 (file).
Warning[203] C:\USERS\SAMIR\DOCUMENTS\MPLAB\MICROPROCESADORES\PR·CTICA 6\PRACTICA 6.ASM 67 : Found opcode in column 1. (GOTO)
Warning[203] C:\USERS\SAMIR\DOCUMENTS\MPLAB\MICROPROCESADORES\PR·CTICA 6\PRACTICA 6.ASM 68 : Found opcode in column 1. (DECFSZ)
Message[305] C:\USERS\SAMIR\DOCUMENTS\MPLAB\MICROPROCESADORES\PR·CTICA 6\PRACTICA 6.ASM 68 : Using default destination of 1 (file).
Warning[203] C:\USERS\SAMIR\DOCUMENTS\MPLAB\MICROPROCESADORES\PR·CTICA 6\PRACTICA 6.ASM 69 : Found opcode in column 1. (GOTO)
Warning[203] C:\USERS\SAMIR\DOCUMENTS\MPLAB\MICROPROCESADORES\PR·CTICA 6\PRACTICA 6.ASM 71 : Found opcode in column 1. (RETURN)
Warning[205] C:\USERS\SAMIR\DOCUMENTS\MPLAB\MICROPROCESADORES\PR·CTICA 6\PRACTICA 6.ASM 73 : Found directive in column 1. (END)
