Warning[205] C:\USERS\SAMIR\DOCUMENTS\MPLAB\MICROPROCESADORES\PR·CTICA 1\PRACTICA 1.ASM 1 : Found directive in column 1. (LIST)
Warning[205] C:\USERS\SAMIR\DOCUMENTS\MPLAB\MICROPROCESADORES\PR·CTICA 1\PRACTICA 1.ASM 3 : Found directive in column 1. (__CONFIG)
Warning[203] C:\USERS\SAMIR\DOCUMENTS\MPLAB\MICROPROCESADORES\PR·CTICA 1\PRACTICA 1.ASM 14 : Found opcode in column 1. (BSF)
Warning[203] C:\USERS\SAMIR\DOCUMENTS\MPLAB\MICROPROCESADORES\PR·CTICA 1\PRACTICA 1.ASM 15 : Found opcode in column 1. (MOVLW)
Warning[203] C:\USERS\SAMIR\DOCUMENTS\MPLAB\MICROPROCESADORES\PR·CTICA 1\PRACTICA 1.ASM 16 : Found opcode in column 1. (MOVWF)
Message[302] C:\USERS\SAMIR\DOCUMENTS\MPLAB\MICROPROCESADORES\PR·CTICA 1\PRACTICA 1.ASM 16 : Register in operand not in bank 0.  Ensure that bank bits are correct.
Warning[203] C:\USERS\SAMIR\DOCUMENTS\MPLAB\MICROPROCESADORES\PR·CTICA 1\PRACTICA 1.ASM 17 : Found opcode in column 1. (MOVLW)
Warning[203] C:\USERS\SAMIR\DOCUMENTS\MPLAB\MICROPROCESADORES\PR·CTICA 1\PRACTICA 1.ASM 18 : Found opcode in column 1. (MOVWF)
Message[302] C:\USERS\SAMIR\DOCUMENTS\MPLAB\MICROPROCESADORES\PR·CTICA 1\PRACTICA 1.ASM 18 : Register in operand not in bank 0.  Ensure that bank bits are correct.
Warning[203] C:\USERS\SAMIR\DOCUMENTS\MPLAB\MICROPROCESADORES\PR·CTICA 1\PRACTICA 1.ASM 19 : Found opcode in column 1. (BCF)
Warning[203] C:\USERS\SAMIR\DOCUMENTS\MPLAB\MICROPROCESADORES\PR·CTICA 1\PRACTICA 1.ASM 20 : Found opcode in column 1. (BCF)
Warning[203] C:\USERS\SAMIR\DOCUMENTS\MPLAB\MICROPROCESADORES\PR·CTICA 1\PRACTICA 1.ASM 21 : Found opcode in column 1. (BCF)
Warning[203] C:\USERS\SAMIR\DOCUMENTS\MPLAB\MICROPROCESADORES\PR·CTICA 1\PRACTICA 1.ASM 24 : Found opcode in column 1. (BTFSS)
Warning[203] C:\USERS\SAMIR\DOCUMENTS\MPLAB\MICROPROCESADORES\PR·CTICA 1\PRACTICA 1.ASM 25 : Found opcode in column 1. (GOTO)
Warning[203] C:\USERS\SAMIR\DOCUMENTS\MPLAB\MICROPROCESADORES\PR·CTICA 1\PRACTICA 1.ASM 26 : Found opcode in column 1. (GOTO)
Warning[207] C:\USERS\SAMIR\DOCUMENTS\MPLAB\MICROPROCESADORES\PR·CTICA 1\PRACTICA 1.ASM 28 : Found label after column 1. (LoopoffRA0)
Warning[203] C:\USERS\SAMIR\DOCUMENTS\MPLAB\MICROPROCESADORES\PR·CTICA 1\PRACTICA 1.ASM 34 : Found opcode in column 1. (BTFSS)
Warning[203] C:\USERS\SAMIR\DOCUMENTS\MPLAB\MICROPROCESADORES\PR·CTICA 1\PRACTICA 1.ASM 35 : Found opcode in column 1. (GOTO)
Warning[203] C:\USERS\SAMIR\DOCUMENTS\MPLAB\MICROPROCESADORES\PR·CTICA 1\PRACTICA 1.ASM 36 : Found opcode in column 1. (GOTO)
Warning[207] C:\USERS\SAMIR\DOCUMENTS\MPLAB\MICROPROCESADORES\PR·CTICA 1\PRACTICA 1.ASM 38 : Found label after column 1. (LoopoffRA1)
Warning[207] C:\USERS\SAMIR\DOCUMENTS\MPLAB\MICROPROCESADORES\PR·CTICA 1\PRACTICA 1.ASM 42 : Found label after column 1. (LoopRB0)
Warning[203] C:\USERS\SAMIR\DOCUMENTS\MPLAB\MICROPROCESADORES\PR·CTICA 1\PRACTICA 1.ASM 47 : Found opcode in column 1. (BTFSS)
Warning[203] C:\USERS\SAMIR\DOCUMENTS\MPLAB\MICROPROCESADORES\PR·CTICA 1\PRACTICA 1.ASM 48 : Found opcode in column 1. (GOTO)
Warning[203] C:\USERS\SAMIR\DOCUMENTS\MPLAB\MICROPROCESADORES\PR·CTICA 1\PRACTICA 1.ASM 49 : Found opcode in column 1. (GOTO)
Warning[207] C:\USERS\SAMIR\DOCUMENTS\MPLAB\MICROPROCESADORES\PR·CTICA 1\PRACTICA 1.ASM 51 : Found label after column 1. (LoopoffRA2)
Warning[207] C:\USERS\SAMIR\DOCUMENTS\MPLAB\MICROPROCESADORES\PR·CTICA 1\PRACTICA 1.ASM 55 : Found label after column 1. (LoopRB1)
Warning[205] C:\USERS\SAMIR\DOCUMENTS\MPLAB\MICROPROCESADORES\PR·CTICA 1\PRACTICA 1.ASM 59 : Found directive in column 1. (END)
