Warning[205] C:\USERS\SAMIR\DOCUMENTS\MPLAB\MICROPROCESADORES\PR·CTICA 2\PRACTICA 2.ASM 1 : Found directive in column 1. (List)
Warning[205] C:\USERS\SAMIR\DOCUMENTS\MPLAB\MICROPROCESADORES\PR·CTICA 2\PRACTICA 2.ASM 3 : Found directive in column 1. (__CONFIG)
Warning[203] C:\USERS\SAMIR\DOCUMENTS\MPLAB\MICROPROCESADORES\PR·CTICA 2\PRACTICA 2.ASM 14 : Found opcode in column 1. (BSF)
Warning[203] C:\USERS\SAMIR\DOCUMENTS\MPLAB\MICROPROCESADORES\PR·CTICA 2\PRACTICA 2.ASM 15 : Found opcode in column 1. (MOVLW)
Warning[203] C:\USERS\SAMIR\DOCUMENTS\MPLAB\MICROPROCESADORES\PR·CTICA 2\PRACTICA 2.ASM 16 : Found opcode in column 1. (MOVWF)
Message[302] C:\USERS\SAMIR\DOCUMENTS\MPLAB\MICROPROCESADORES\PR·CTICA 2\PRACTICA 2.ASM 16 : Register in operand not in bank 0.  Ensure that bank bits are correct.
Warning[203] C:\USERS\SAMIR\DOCUMENTS\MPLAB\MICROPROCESADORES\PR·CTICA 2\PRACTICA 2.ASM 17 : Found opcode in column 1. (BCF)
Warning[203] C:\USERS\SAMIR\DOCUMENTS\MPLAB\MICROPROCESADORES\PR·CTICA 2\PRACTICA 2.ASM 20 : Found opcode in column 1. (BCF)
Warning[203] C:\USERS\SAMIR\DOCUMENTS\MPLAB\MICROPROCESADORES\PR·CTICA 2\PRACTICA 2.ASM 23 : Found opcode in column 1. (BTFSS)
Warning[203] C:\USERS\SAMIR\DOCUMENTS\MPLAB\MICROPROCESADORES\PR·CTICA 2\PRACTICA 2.ASM 24 : Found opcode in column 1. (GOTO)
Warning[203] C:\USERS\SAMIR\DOCUMENTS\MPLAB\MICROPROCESADORES\PR·CTICA 2\PRACTICA 2.ASM 25 : Found opcode in column 1. (GOTO)
Warning[203] C:\USERS\SAMIR\DOCUMENTS\MPLAB\MICROPROCESADORES\PR·CTICA 2\PRACTICA 2.ASM 28 : Found opcode in column 1. (BSF)
Warning[203] C:\USERS\SAMIR\DOCUMENTS\MPLAB\MICROPROCESADORES\PR·CTICA 2\PRACTICA 2.ASM 29 : Found opcode in column 1. (CALL)
Warning[203] C:\USERS\SAMIR\DOCUMENTS\MPLAB\MICROPROCESADORES\PR·CTICA 2\PRACTICA 2.ASM 30 : Found opcode in column 1. (GOTO)
Warning[203] C:\USERS\SAMIR\DOCUMENTS\MPLAB\MICROPROCESADORES\PR·CTICA 2\PRACTICA 2.ASM 33 : Found opcode in column 1. (MOVLW)
Warning[203] C:\USERS\SAMIR\DOCUMENTS\MPLAB\MICROPROCESADORES\PR·CTICA 2\PRACTICA 2.ASM 34 : Found opcode in column 1. (MOVWF)
Error[108]   C:\USERS\SAMIR\DOCUMENTS\MPLAB\MICROPROCESADORES\PR·CTICA 2\PRACTICA 2.ASM 34 : Illegal character (,)
Warning[203] C:\USERS\SAMIR\DOCUMENTS\MPLAB\MICROPROCESADORES\PR·CTICA 2\PRACTICA 2.ASM 37 : Found opcode in column 1. (MOVLW)
Warning[203] C:\USERS\SAMIR\DOCUMENTS\MPLAB\MICROPROCESADORES\PR·CTICA 2\PRACTICA 2.ASM 38 : Found opcode in column 1. (MOVWF)
Error[108]   C:\USERS\SAMIR\DOCUMENTS\MPLAB\MICROPROCESADORES\PR·CTICA 2\PRACTICA 2.ASM 38 : Illegal character (,)
Warning[203] C:\USERS\SAMIR\DOCUMENTS\MPLAB\MICROPROCESADORES\PR·CTICA 2\PRACTICA 2.ASM 41 : Found opcode in column 1. (MOVLW)
Warning[203] C:\USERS\SAMIR\DOCUMENTS\MPLAB\MICROPROCESADORES\PR·CTICA 2\PRACTICA 2.ASM 42 : Found opcode in column 1. (MOVWF)
Error[108]   C:\USERS\SAMIR\DOCUMENTS\MPLAB\MICROPROCESADORES\PR·CTICA 2\PRACTICA 2.ASM 42 : Illegal character (,)
Warning[203] C:\USERS\SAMIR\DOCUMENTS\MPLAB\MICROPROCESADORES\PR·CTICA 2\PRACTICA 2.ASM 45 : Found opcode in column 1. (DECFSZ)
Message[305] C:\USERS\SAMIR\DOCUMENTS\MPLAB\MICROPROCESADORES\PR·CTICA 2\PRACTICA 2.ASM 45 : Using default destination of 1 (file).
Warning[203] C:\USERS\SAMIR\DOCUMENTS\MPLAB\MICROPROCESADORES\PR·CTICA 2\PRACTICA 2.ASM 46 : Found opcode in column 1. (GOTO)
Warning[203] C:\USERS\SAMIR\DOCUMENTS\MPLAB\MICROPROCESADORES\PR·CTICA 2\PRACTICA 2.ASM 47 : Found opcode in column 1. (DECFSZ)
Message[305] C:\USERS\SAMIR\DOCUMENTS\MPLAB\MICROPROCESADORES\PR·CTICA 2\PRACTICA 2.ASM 47 : Using default destination of 1 (file).
Warning[203] C:\USERS\SAMIR\DOCUMENTS\MPLAB\MICROPROCESADORES\PR·CTICA 2\PRACTICA 2.ASM 48 : Found opcode in column 1. (GOTO)
Warning[203] C:\USERS\SAMIR\DOCUMENTS\MPLAB\MICROPROCESADORES\PR·CTICA 2\PRACTICA 2.ASM 49 : Found opcode in column 1. (DECFSZ)
Message[305] C:\USERS\SAMIR\DOCUMENTS\MPLAB\MICROPROCESADORES\PR·CTICA 2\PRACTICA 2.ASM 49 : Using default destination of 1 (file).
Warning[203] C:\USERS\SAMIR\DOCUMENTS\MPLAB\MICROPROCESADORES\PR·CTICA 2\PRACTICA 2.ASM 50 : Found opcode in column 1. (GOTO)
Warning[203] C:\USERS\SAMIR\DOCUMENTS\MPLAB\MICROPROCESADORES\PR·CTICA 2\PRACTICA 2.ASM 51 : Found opcode in column 1. (Return)
Warning[205] C:\USERS\SAMIR\DOCUMENTS\MPLAB\MICROPROCESADORES\PR·CTICA 2\PRACTICA 2.ASM 53 : Found directive in column 1. (END)
